android/app/build/outputs/logs/manifest-merger-debug-report.txt
-- Merging decision tree log ---
manifest
ADDED from src\main\AndroidManifest.xml:1:1-41:12
INJECTED from src\main\AndroidManifest.xml:1:1-41:12
INJECTED from src\main\AndroidManifest.xml:1:1-41:12
INJECTED from src\main\AndroidManifest.xml:1:1-41:12
MERGED from src\main\AndroidManifest.xml:1:1-41:12
MERGED from [:firebase_auth] AndroidManifest.xml:2:1-15:12
MERGED from [:firebase_messaging] AndroidManifest.xml:2:1-46:12
MERGED from [:firebase_core] AndroidManifest.xml:2:1-15:12
MERGED from [:agora_rtc_engine] AndroidManifest.xml:2:1-23:12
MERGED from [:google_sign_in] AndroidManifest.xml:2:1-9:12
MERGED from [:permission_handler] AndroidManifest.xml:2:1-7:12
MERGED from [com.google.firebase:firebase-auth:21.0.1] AndroidManifest.xml:17:1-83:12
MERGED from [com.google.firebase:firebase-messaging:23.0.0] AndroidManifest.xml:17:1-58:12
MERGED from [com.google.firebase:firebase-auth-interop:20.0.0] AndroidManifest.xml:2:1-10:12
MERGED from [com.google.firebase:firebase-datatransport:18.0.0] AndroidManifest.xml:15:1-34:12
MERGED from [com.google.firebase:firebase-installations:17.0.0] AndroidManifest.xml:2:1-24:12
MERGED from [com.google.firebase:firebase-common:20.0.0] AndroidManifest.xml:15:1-40:12
MERGED from [com.google.android.gms:play-services-auth:16.0.1] AndroidManifest.xml:17:1-39:12
MERGED from [com.google.android.gms:play-services-auth-base:16.0.0] AndroidManifest.xml:2:1-7:12
MERGED from [com.google.android.gms:play-services-auth-api-phone:17.4.0] AndroidManifest.xml:2:1-7:12
MERGED from [com.google.android.gms:play-services-safetynet:17.0.0] AndroidManifest.xml:17:1-24:12
MERGED from [com.google.android.gms:play-services-base:17.1.0] AndroidManifest.xml:17:1-29:12
MERGED from [com.google.android.gms:play-services-cloud-messaging:17.0.0] AndroidManifest.xml:2:1-13:12
MERGED from [com.google.firebase:firebase-iid-interop:17.1.0] AndroidManifest.xml:2:1-10:12
MERGED from [com.google.firebase:firebase-installations-interop:17.0.0] AndroidManifest.xml:15:1-23:12
MERGED from [com.google.android.gms:play-services-tasks:17.0.0] AndroidManifest.xml:2:1-9:12
MERGED from [com.google.android.gms:play-services-stats:17.0.0] AndroidManifest.xml:2:1-9:12
MERGED from [com.google.firebase:firebase-measurement-connector:19.0.0] AndroidManifest.xml:17:1-25:12
MERGED from [com.google.android.gms:play-services-basement:17.1.0] AndroidManifest.xml:17:1-28:12
MERGED from [androidx.fragment:fragment:1.1.0] AndroidManifest.xml:17:1-24:12
MERGED from [androidx.browser:browser:1.0.0] AndroidManifest.xml:17:1-22:12
MERGED from [androidx.legacy:legacy-support-core-ui:1.0.0] AndroidManifest.xml:17:1-22:12
MERGED from [androidx.viewpager:viewpager:1.0.0] AndroidManifest.xml:17:1-22:12
MERGED from [androidx.legacy:legacy-support-core-utils:1.0.0] AndroidManifest.xml:17:1-22:12
MERGED from [androidx.loader:loader:1.0.0] AndroidManifest.xml:17:1-22:12
MERGED from [androidx.activity:activity:1.0.0] AndroidManifest.xml:17:1-24:12
MERGED from [androidx.coordinatorlayout:coordinatorlayout:1.0.0] AndroidManifest.xml:17:1-22:12
MERGED from [androidx.drawerlayout:drawerlayout:1.0.0] AndroidManifest.xml:17:1-22:12
MERGED from [androidx.slidingpanelayout:slidingpanelayout:1.0.0] AndroidManifest.xml:17:1-22:12
MERGED from [androidx.customview:customview:1.0.0] AndroidManifest.xml:17:1-22:12
MERGED from [androidx.swiperefreshlayout:swiperefreshlayout:1.0.0] AndroidManifest.xml:17:1-22:12
MERGED from [androidx.asynclayoutinflater:asynclayoutinflater:1.0.0] AndroidManifest.xml:17:1-22:12
MERGED from [androidx.core:core:1.1.0] AndroidManifest.xml:17:1-26:12
MERGED from [androidx.localbroadcastmanager:localbroadcastmanager:1.0.0] AndroidManifest.xml:17:1-22:12
MERGED from [androidx.lifecycle:lifecycle-runtime:2.2.0] AndroidManifest.xml:17:1-24:12
MERGED from [androidx.savedstate:savedstate:1.0.0] AndroidManifest.xml:17:1-24:12
MERGED from [androidx.lifecycle:lifecycle-livedata:2.0.0] AndroidManifest.xml:17:1-22:12
MERGED from [androidx.lifecycle:lifecycle-livedata-core:2.0.0] AndroidManifest.xml:17:1-22:12
MERGED from [androidx.versionedparcelable:versionedparcelable:1.1.0] AndroidManifest.xml:17:1-27:12
MERGED from [com.google.firebase:firebase-components:17.0.0] AndroidManifest.xml:15:1-23:12
MERGED from [com.google.android.datatransport:transport-backend-cct:3.0.0] AndroidManifest.xml:15:1-38:12
MERGED from [com.google.android.datatransport:transport-runtime:3.0.0] AndroidManifest.xml:15:1-41:12
MERGED from [com.google.android.datatransport:transport-api:3.0.0] AndroidManifest.xml:15:1-22:12
MERGED from [androidx.arch.core:core-runtime:2.0.0] AndroidManifest.xml:17:1-22:12
MERGED from [androidx.interpolator:interpolator:1.0.0] AndroidManifest.xml:17:1-22:12
MERGED from [com.google.firebase:firebase-encoders-json:18.0.0] AndroidManifest.xml:15:1-23:12
MERGED from [androidx.lifecycle:lifecycle-viewmodel:2.1.0] AndroidManifest.xml:17:1-22:12
MERGED from [androidx.cursoradapter:cursoradapter:1.0.0] AndroidManifest.xml:17:1-22:12
MERGED from [androidx.documentfile:documentfile:1.0.0] AndroidManifest.xml:17:1-22:12
MERGED from [androidx.print:print:1.0.0] AndroidManifest.xml:17:1-22:12
MERGED from [com.github.agorabuilder:native-full-sdk:3.5.0.3] AndroidManifest.xml:2:1-11:12
INJECTED from src\debug\AndroidManifest.xml:1:1-7:12
INJECTED from src\debug\AndroidManifest.xml:1:1-7:12
INJECTED from src\debug\AndroidManifest.xml:1:1-7:12
	package
		ADDED from src\main\AndroidManifest.xml:2:5-44
		INJECTED from src\main\AndroidManifest.xml
		INJECTED from src\debug\AndroidManifest.xml
	android:versionName
		INJECTED from src\main\AndroidManifest.xml
		ADDED from src\main\AndroidManifest.xml:1:1-41:12
		INJECTED from src\debug\AndroidManifest.xml
	android:versionCode
		INJECTED from src\main\AndroidManifest.xml
		ADDED from src\main\AndroidManifest.xml:1:1-41:12
		INJECTED from src\debug\AndroidManifest.xml
	xmlns:android
		ADDED from src\main\AndroidManifest.xml:1:11-69
application
ADDED from src\main\AndroidManifest.xml:3:4-40:19
MERGED from [:firebase_auth] AndroidManifest.xml:7:5-13:19
MERGED from [:firebase_auth] AndroidManifest.xml:7:5-13:19
MERGED from [:firebase_messaging] AndroidManifest.xml:11:5-44:19
MERGED from [:firebase_messaging] AndroidManifest.xml:11:5-44:19
MERGED from [:firebase_core] AndroidManifest.xml:7:5-13:19
MERGED from [:firebase_core] AndroidManifest.xml:7:5-13:19
MERGED from [com.google.firebase:firebase-auth:21.0.1] AndroidManifest.xml:26:5-81:19
MERGED from [com.google.firebase:firebase-auth:21.0.1] AndroidManifest.xml:26:5-81:19
MERGED from [com.google.firebase:firebase-messaging:23.0.0] AndroidManifest.xml:27:5-56:19
MERGED from [com.google.firebase:firebase-messaging:23.0.0] AndroidManifest.xml:27:5-56:19
MERGED from [com.google.firebase:firebase-auth-interop:20.0.0] AndroidManifest.xml:7:5-8:19
MERGED from [com.google.firebase:firebase-auth-interop:20.0.0] AndroidManifest.xml:7:5-8:19
MERGED from [com.google.firebase:firebase-datatransport:18.0.0] AndroidManifest.xml:24:5-32:19
MERGED from [com.google.firebase:firebase-datatransport:18.0.0] AndroidManifest.xml:24:5-32:19
MERGED from [com.google.firebase:firebase-installations:17.0.0] AndroidManifest.xml:14:5-22:19
MERGED from [com.google.firebase:firebase-installations:17.0.0] AndroidManifest.xml:14:5-22:19
MERGED from [com.google.firebase:firebase-common:20.0.0] AndroidManifest.xml:25:5-38:19
MERGED from [com.google.firebase:firebase-common:20.0.0] AndroidManifest.xml:25:5-38:19
MERGED from [com.google.android.gms:play-services-auth:16.0.1] AndroidManifest.xml:22:5-37:19
MERGED from [com.google.android.gms:play-services-auth:16.0.1] AndroidManifest.xml:22:5-37:19
MERGED from [com.google.android.gms:play-services-safetynet:17.0.0] AndroidManifest.xml:22:5-20
MERGED from [com.google.android.gms:play-services-safetynet:17.0.0] AndroidManifest.xml:22:5-20
MERGED from [com.google.android.gms:play-services-base:17.1.0] AndroidManifest.xml:22:5-27:19
MERGED from [com.google.android.gms:play-services-base:17.1.0] AndroidManifest.xml:22:5-27:19
MERGED from [com.google.firebase:firebase-iid-interop:17.1.0] AndroidManifest.xml:7:5-8:19
MERGED from [com.google.firebase:firebase-iid-interop:17.1.0] AndroidManifest.xml:7:5-8:19
MERGED from [com.google.android.gms:play-services-tasks:17.0.0] AndroidManifest.xml:7:5-20
MERGED from [com.google.android.gms:play-services-tasks:17.0.0] AndroidManifest.xml:7:5-20
MERGED from [com.google.android.gms:play-services-stats:17.0.0] AndroidManifest.xml:7:5-20
MERGED from [com.google.android.gms:play-services-stats:17.0.0] AndroidManifest.xml:7:5-20
MERGED from [com.google.firebase:firebase-measurement-connector:19.0.0] AndroidManifest.xml:22:5-23:19
MERGED from [com.google.firebase:firebase-measurement-connector:19.0.0] AndroidManifest.xml:22:5-23:19
MERGED from [com.google.android.gms:play-services-basement:17.1.0] AndroidManifest.xml:22:5-26:19
MERGED from [com.google.android.gms:play-services-basement:17.1.0] AndroidManifest.xml:22:5-26:19
MERGED from [androidx.core:core:1.1.0] AndroidManifest.xml:24:5-89
MERGED from [androidx.core:core:1.1.0] AndroidManifest.xml:24:5-89
MERGED from [androidx.versionedparcelable:versionedparcelable:1.1.0] AndroidManifest.xml:24:5-25:19
MERGED from [androidx.versionedparcelable:versionedparcelable:1.1.0] AndroidManifest.xml:24:5-25:19
MERGED from [com.google.android.datatransport:transport-backend-cct:3.0.0] AndroidManifest.xml:28:5-36:19
MERGED from [com.google.android.datatransport:transport-backend-cct:3.0.0] AndroidManifest.xml:28:5-36:19
MERGED from [com.google.android.datatransport:transport-runtime:3.0.0] AndroidManifest.xml:25:5-39:19
MERGED from [com.google.android.datatransport:transport-runtime:3.0.0] AndroidManifest.xml:25:5-39:19
	android:appComponentFactory
		ADDED from [androidx.core:core:1.1.0] AndroidManifest.xml:24:18-86
	android:label
		ADDED from src\main\AndroidManifest.xml:4:9-42
	android:icon
		ADDED from src\main\AndroidManifest.xml:5:9-43
activity#com.example.advisories_lawyer.MainActivity
ADDED from src\main\AndroidManifest.xml:6:9-34:20
	android:launchMode
		ADDED from src\main\AndroidManifest.xml:8:13-43
	android:hardwareAccelerated
		ADDED from src\main\AndroidManifest.xml:11:13-47
	android:windowSoftInputMode
		ADDED from src\main\AndroidManifest.xml:12:13-55
	android:configChanges
		ADDED from src\main\AndroidManifest.xml:10:13-163
	android:theme
		ADDED from src\main\AndroidManifest.xml:9:13-47
	android:name
		ADDED from src\main\AndroidManifest.xml:7:13-41
meta-data#io.flutter.embedding.android.NormalTheme
ADDED from src\main\AndroidManifest.xml:17:13-20:17
	android:resource
		ADDED from src\main\AndroidManifest.xml:19:15-52
	android:name
		ADDED from src\main\AndroidManifest.xml:18:15-70
meta-data#io.flutter.embedding.android.SplashScreenDrawable
ADDED from src\main\AndroidManifest.xml:26:13-29:17
	android:resource
		ADDED from src\main\AndroidManifest.xml:28:15-61
	android:name
		ADDED from src\main\AndroidManifest.xml:27:15-79
intent-filter#action:name:android.intent.action.MAIN+category:name:android.intent.category.LAUNCHER
ADDED from src\main\AndroidManifest.xml:30:13-33:29
action#android.intent.action.MAIN
ADDED from src\main\AndroidManifest.xml:31:17-68
	android:name
		ADDED from src\main\AndroidManifest.xml:31:25-66
category#android.intent.category.LAUNCHER
ADDED from src\main\AndroidManifest.xml:32:17-76
	android:name
		ADDED from src\main\AndroidManifest.xml:32:27-74
meta-data#flutterEmbedding
ADDED from src\main\AndroidManifest.xml:37:9-39:33
	android:value
		ADDED from src\main\AndroidManifest.xml:39:13-30
	android:name
		ADDED from src\main\AndroidManifest.xml:38:13-44
uses-sdk
INJECTED from src\main\AndroidManifest.xml reason: use-sdk injection requested
INJECTED from src\main\AndroidManifest.xml
INJECTED from src\main\AndroidManifest.xml
MERGED from [:firebase_auth] AndroidManifest.xml:5:5-44
MERGED from [:firebase_auth] AndroidManifest.xml:5:5-44
MERGED from [:firebase_messaging] AndroidManifest.xml:5:5-44
MERGED from [:firebase_messaging] AndroidManifest.xml:5:5-44
MERGED from [:firebase_core] AndroidManifest.xml:5:5-44
MERGED from [:firebase_core] AndroidManifest.xml:5:5-44
MERGED from [:agora_rtc_engine] AndroidManifest.xml:6:5-8:41
MERGED from [:agora_rtc_engine] AndroidManifest.xml:6:5-8:41
MERGED from [:google_sign_in] AndroidManifest.xml:5:5-44
MERGED from [:google_sign_in] AndroidManifest.xml:5:5-44
MERGED from [:permission_handler] AndroidManifest.xml:5:5-44
MERGED from [:permission_handler] AndroidManifest.xml:5:5-44
MERGED from [com.google.firebase:firebase-auth:21.0.1] AndroidManifest.xml:21:5-44
MERGED from [com.google.firebase:firebase-auth:21.0.1] AndroidManifest.xml:21:5-44
MERGED from [com.google.firebase:firebase-messaging:23.0.0] AndroidManifest.xml:20:5-44
MERGED from [com.google.firebase:firebase-messaging:23.0.0] AndroidManifest.xml:20:5-44
MERGED from [com.google.firebase:firebase-auth-interop:20.0.0] AndroidManifest.xml:5:5-44
MERGED from [com.google.firebase:firebase-auth-interop:20.0.0] AndroidManifest.xml:5:5-44
MERGED from [com.google.firebase:firebase-datatransport:18.0.0] AndroidManifest.xml:19:5-21:41
MERGED from [com.google.firebase:firebase-datatransport:18.0.0] AndroidManifest.xml:19:5-21:41
MERGED from [com.google.firebase:firebase-installations:17.0.0] AndroidManifest.xml:6:5-8:41
MERGED from [com.google.firebase:firebase-installations:17.0.0] AndroidManifest.xml:6:5-8:41
MERGED from [com.google.firebase:firebase-common:20.0.0] AndroidManifest.xml:20:5-22:41
MERGED from [com.google.firebase:firebase-common:20.0.0] AndroidManifest.xml:20:5-22:41
MERGED from [com.google.android.gms:play-services-auth:16.0.1] AndroidManifest.xml:20:5-44
MERGED from [com.google.android.gms:play-services-auth:16.0.1] AndroidManifest.xml:20:5-44
MERGED from [com.google.android.gms:play-services-auth-base:16.0.0] AndroidManifest.xml:5:5-44
MERGED from [com.google.android.gms:play-services-auth-base:16.0.0] AndroidManifest.xml:5:5-44
MERGED from [com.google.android.gms:play-services-auth-api-phone:17.4.0] AndroidManifest.xml:5:5-44
MERGED from [com.google.android.gms:play-services-auth-api-phone:17.4.0] AndroidManifest.xml:5:5-44
MERGED from [com.google.android.gms:play-services-safetynet:17.0.0] AndroidManifest.xml:20:5-44
MERGED from [com.google.android.gms:play-services-safetynet:17.0.0] AndroidManifest.xml:20:5-44
MERGED from [com.google.android.gms:play-services-base:17.1.0] AndroidManifest.xml:20:5-44
MERGED from [com.google.android.gms:play-services-base:17.1.0] AndroidManifest.xml:20:5-44
MERGED from [com.google.android.gms:play-services-cloud-messaging:17.0.0] AndroidManifest.xml:5:5-44
MERGED from [com.google.android.gms:play-services-cloud-messaging:17.0.0] AndroidManifest.xml:5:5-44
MERGED from [com.google.firebase:firebase-iid-interop:17.1.0] AndroidManifest.xml:5:5-44
MERGED from [com.google.firebase:firebase-iid-interop:17.1.0] AndroidManifest.xml:5:5-44
MERGED from [com.google.firebase:firebase-installations-interop:17.0.0] AndroidManifest.xml:19:5-21:41
MERGED from [com.google.firebase:firebase-installations-interop:17.0.0] AndroidManifest.xml:19:5-21:41
MERGED from [com.google.android.gms:play-services-tasks:17.0.0] AndroidManifest.xml:5:5-44
MERGED from [com.google.android.gms:play-services-tasks:17.0.0] AndroidManifest.xml:5:5-44
MERGED from [com.google.android.gms:play-services-stats:17.0.0] AndroidManifest.xml:5:5-44
MERGED from [com.google.android.gms:play-services-stats:17.0.0] AndroidManifest.xml:5:5-44
MERGED from [com.google.firebase:firebase-measurement-connector:19.0.0] AndroidManifest.xml:20:5-44
MERGED from [com.google.firebase:firebase-measurement-connector:19.0.0] AndroidManifest.xml:20:5-44
MERGED from [com.google.android.gms:play-services-basement:17.1.0] AndroidManifest.xml:20:5-44
MERGED from [com.google.android.gms:play-services-basement:17.1.0] AndroidManifest.xml:20:5-44
MERGED from [androidx.fragment:fragment:1.1.0] AndroidManifest.xml:20:5-22:41
MERGED from [androidx.fragment:fragment:1.1.0] AndroidManifest.xml:20:5-22:41
MERGED from [androidx.browser:browser:1.0.0] AndroidManifest.xml:20:5-44
MERGED from [androidx.browser:browser:1.0.0] AndroidManifest.xml:20:5-44
MERGED from [androidx.legacy:legacy-support-core-ui:1.0.0] AndroidManifest.xml:20:5-44
MERGED from [androidx.legacy:legacy-support-core-ui:1.0.0] AndroidManifest.xml:20:5-44
MERGED from [androidx.viewpager:viewpager:1.0.0] AndroidManifest.xml:20:5-44
MERGED from [androidx.viewpager:viewpager:1.0.0] AndroidManifest.xml:20:5-44
MERGED from [androidx.legacy:legacy-support-core-utils:1.0.0] AndroidManifest.xml:20:5-44
MERGED from [androidx.legacy:legacy-support-core-utils:1.0.0] AndroidManifest.xml:20:5-44
MERGED from [androidx.loader:loader:1.0.0] AndroidManifest.xml:20:5-44
MERGED from [androidx.loader:loader:1.0.0] AndroidManifest.xml:20:5-44
MERGED from [androidx.activity:activity:1.0.0] AndroidManifest.xml:20:5-22:41
MERGED from [androidx.activity:activity:1.0.0] AndroidManifest.xml:20:5-22:41
MERGED from [androidx.coordinatorlayout:coordinatorlayout:1.0.0] AndroidManifest.xml:20:5-44
MERGED from [androidx.coordinatorlayout:coordinatorlayout:1.0.0] AndroidManifest.xml:20:5-44
MERGED from [androidx.drawerlayout:drawerlayout:1.0.0] AndroidManifest.xml:20:5-44
MERGED from [androidx.drawerlayout:drawerlayout:1.0.0] AndroidManifest.xml:20:5-44
MERGED from [androidx.slidingpanelayout:slidingpanelayout:1.0.0] AndroidManifest.xml:20:5-44
MERGED from [androidx.slidingpanelayout:slidingpanelayout:1.0.0] AndroidManifest.xml:20:5-44
MERGED from [androidx.customview:customview:1.0.0] AndroidManifest.xml:20:5-44
MERGED from [androidx.customview:customview:1.0.0] AndroidManifest.xml:20:5-44
MERGED from [androidx.swiperefreshlayout:swiperefreshlayout:1.0.0] AndroidManifest.xml:20:5-44
MERGED from [androidx.swiperefreshlayout:swiperefreshlayout:1.0.0] AndroidManifest.xml:20:5-44
MERGED from [androidx.asynclayoutinflater:asynclayoutinflater:1.0.0] AndroidManifest.xml:20:5-44
MERGED from [androidx.asynclayoutinflater:asynclayoutinflater:1.0.0] AndroidManifest.xml:20:5-44
MERGED from [androidx.core:core:1.1.0] AndroidManifest.xml:20:5-22:41
MERGED from [androidx.core:core:1.1.0] AndroidManifest.xml:20:5-22:41
MERGED from [androidx.localbroadcastmanager:localbroadcastmanager:1.0.0] AndroidManifest.xml:20:5-44
MERGED from [androidx.localbroadcastmanager:localbroadcastmanager:1.0.0] AndroidManifest.xml:20:5-44
MERGED from [androidx.lifecycle:lifecycle-runtime:2.2.0] AndroidManifest.xml:20:5-22:41
MERGED from [androidx.lifecycle:lifecycle-runtime:2.2.0] AndroidManifest.xml:20:5-22:41
MERGED from [androidx.savedstate:savedstate:1.0.0] AndroidManifest.xml:20:5-22:41
MERGED from [androidx.savedstate:savedstate:1.0.0] AndroidManifest.xml:20:5-22:41
MERGED from [androidx.lifecycle:lifecycle-livedata:2.0.0] AndroidManifest.xml:20:5-44
MERGED from [androidx.lifecycle:lifecycle-livedata:2.0.0] AndroidManifest.xml:20:5-44
MERGED from [androidx.lifecycle:lifecycle-livedata-core:2.0.0] AndroidManifest.xml:20:5-44
MERGED from [androidx.lifecycle:lifecycle-livedata-core:2.0.0] AndroidManifest.xml:20:5-44
MERGED from [androidx.versionedparcelable:versionedparcelable:1.1.0] AndroidManifest.xml:20:5-22:41
MERGED from [androidx.versionedparcelable:versionedparcelable:1.1.0] AndroidManifest.xml:20:5-22:41
MERGED from [com.google.firebase:firebase-components:17.0.0] AndroidManifest.xml:19:5-21:41
MERGED from [com.google.firebase:firebase-components:17.0.0] AndroidManifest.xml:19:5-21:41
MERGED from [com.google.android.datatransport:transport-backend-cct:3.0.0] AndroidManifest.xml:19:5-21:41
MERGED from [com.google.android.datatransport:transport-backend-cct:3.0.0] AndroidManifest.xml:19:5-21:41
MERGED from [com.google.android.datatransport:transport-runtime:3.0.0] AndroidManifest.xml:18:5-20:41
MERGED from [com.google.android.datatransport:transport-runtime:3.0.0] AndroidManifest.xml:18:5-20:41
MERGED from [com.google.android.datatransport:transport-api:3.0.0] AndroidManifest.xml:18:5-20:41
MERGED from [com.google.android.datatransport:transport-api:3.0.0] AndroidManifest.xml:18:5-20:41
MERGED from [androidx.arch.core:core-runtime:2.0.0] AndroidManifest.xml:20:5-44
MERGED from [androidx.arch.core:core-runtime:2.0.0] AndroidManifest.xml:20:5-44
MERGED from [androidx.interpolator:interpolator:1.0.0] AndroidManifest.xml:20:5-44
MERGED from [androidx.interpolator:interpolator:1.0.0] AndroidManifest.xml:20:5-44
MERGED from [com.google.firebase:firebase-encoders-json:18.0.0] AndroidManifest.xml:19:5-21:41
MERGED from [com.google.firebase:firebase-encoders-json:18.0.0] AndroidManifest.xml:19:5-21:41
MERGED from [androidx.lifecycle:lifecycle-viewmodel:2.1.0] AndroidManifest.xml:20:5-44
MERGED from [androidx.lifecycle:lifecycle-viewmodel:2.1.0] AndroidManifest.xml:20:5-44
MERGED from [androidx.cursoradapter:cursoradapter:1.0.0] AndroidManifest.xml:20:5-44
MERGED from [androidx.cursoradapter:cursoradapter:1.0.0] AndroidManifest.xml:20:5-44
MERGED from [androidx.documentfile:documentfile:1.0.0] AndroidManifest.xml:20:5-44
MERGED from [androidx.documentfile:documentfile:1.0.0] AndroidManifest.xml:20:5-44
MERGED from [androidx.print:print:1.0.0] AndroidManifest.xml:20:5-44
MERGED from [androidx.print:print:1.0.0] AndroidManifest.xml:20:5-44
MERGED from [com.github.agorabuilder:native-full-sdk:3.5.0.3] AndroidManifest.xml:7:5-9:41
MERGED from [com.github.agorabuilder:native-full-sdk:3.5.0.3] AndroidManifest.xml:7:5-9:41
INJECTED from src\debug\AndroidManifest.xml
INJECTED from src\debug\AndroidManifest.xml
	android:targetSdkVersion
		INJECTED from src\main\AndroidManifest.xml
		INJECTED from src\debug\AndroidManifest.xml
	android:minSdkVersion
		INJECTED from src\main\AndroidManifest.xml
		INJECTED from src\debug\AndroidManifest.xml
uses-permission#android.permission.INTERNET
ADDED from src\debug\AndroidManifest.xml:6:5-66
MERGED from [:firebase_messaging] AndroidManifest.xml:7:5-67
MERGED from [:firebase_messaging] AndroidManifest.xml:7:5-67
MERGED from [:agora_rtc_engine] AndroidManifest.xml:11:5-67
MERGED from [:agora_rtc_engine] AndroidManifest.xml:11:5-67
MERGED from [:google_sign_in] AndroidManifest.xml:7:5-67
MERGED from [:google_sign_in] AndroidManifest.xml:7:5-67
MERGED from [com.google.firebase:firebase-auth:21.0.1] AndroidManifest.xml:23:5-67
MERGED from [com.google.firebase:firebase-auth:21.0.1] AndroidManifest.xml:23:5-67
MERGED from [com.google.firebase:firebase-installations:17.0.0] AndroidManifest.xml:11:5-67
MERGED from [com.google.firebase:firebase-installations:17.0.0] AndroidManifest.xml:11:5-67
MERGED from [com.google.android.gms:play-services-cloud-messaging:17.0.0] AndroidManifest.xml:8:5-67
MERGED from [com.google.android.gms:play-services-cloud-messaging:17.0.0] AndroidManifest.xml:8:5-67
MERGED from [com.google.android.datatransport:transport-backend-cct:3.0.0] AndroidManifest.xml:26:5-67
MERGED from [com.google.android.datatransport:transport-backend-cct:3.0.0] AndroidManifest.xml:26:5-67
	android:name
		ADDED from src\debug\AndroidManifest.xml:6:22-64
service#com.google.firebase.components.ComponentDiscoveryService
ADDED from [:firebase_auth] AndroidManifest.xml:8:9-12:19
MERGED from [:firebase_messaging] AndroidManifest.xml:33:9-37:19
MERGED from [:firebase_messaging] AndroidManifest.xml:33:9-37:19
MERGED from [:firebase_core] AndroidManifest.xml:8:9-12:19
MERGED from [:firebase_core] AndroidManifest.xml:8:9-12:19
MERGED from [com.google.firebase:firebase-auth:21.0.1] AndroidManifest.xml:74:9-80:19
MERGED from [com.google.firebase:firebase-auth:21.0.1] AndroidManifest.xml:74:9-80:19
MERGED from [com.google.firebase:firebase-messaging:23.0.0] AndroidManifest.xml:49:9-55:19
MERGED from [com.google.firebase:firebase-messaging:23.0.0] AndroidManifest.xml:49:9-55:19
MERGED from [com.google.firebase:firebase-datatransport:18.0.0] AndroidManifest.xml:25:9-31:19
MERGED from [com.google.firebase:firebase-datatransport:18.0.0] AndroidManifest.xml:25:9-31:19
MERGED from [com.google.firebase:firebase-installations:17.0.0] AndroidManifest.xml:15:9-21:19
MERGED from [com.google.firebase:firebase-installations:17.0.0] AndroidManifest.xml:15:9-21:19
MERGED from [com.google.firebase:firebase-common:20.0.0] AndroidManifest.xml:33:9-37:35
MERGED from [com.google.firebase:firebase-common:20.0.0] AndroidManifest.xml:33:9-37:35
	android:exported
		ADDED from [com.google.firebase:firebase-auth:21.0.1] AndroidManifest.xml:76:13-37
	tools:targetApi
		ADDED from [com.google.firebase:firebase-common:20.0.0] AndroidManifest.xml:37:13-32
	android:directBootAware
		ADDED from [com.google.firebase:firebase-common:20.0.0] AndroidManifest.xml:35:13-43
	android:name
		ADDED from [:firebase_auth] AndroidManifest.xml:8:18-89
meta-data#com.google.firebase.components:io.flutter.plugins.firebase.auth.FlutterFirebaseAuthRegistrar
ADDED from [:firebase_auth] AndroidManifest.xml:9:13-11:85
	android:value
		ADDED from [:firebase_auth] AndroidManifest.xml:11:17-82
	android:name
		ADDED from [:firebase_auth] AndroidManifest.xml:10:17-124
uses-permission#android.permission.WAKE_LOCK
ADDED from [:firebase_messaging] AndroidManifest.xml:8:5-68
MERGED from [com.google.firebase:firebase-messaging:23.0.0] AndroidManifest.xml:23:5-68
MERGED from [com.google.firebase:firebase-messaging:23.0.0] AndroidManifest.xml:23:5-68
MERGED from [com.google.android.gms:play-services-cloud-messaging:17.0.0] AndroidManifest.xml:9:5-68
MERGED from [com.google.android.gms:play-services-cloud-messaging:17.0.0] AndroidManifest.xml:9:5-68
	android:name
		ADDED from [:firebase_messaging] AndroidManifest.xml:8:22-65
uses-permission#android.permission.ACCESS_NETWORK_STATE
ADDED from [:firebase_messaging] AndroidManifest.xml:9:5-79
MERGED from [:agora_rtc_engine] AndroidManifest.xml:15:5-79
MERGED from [:agora_rtc_engine] AndroidManifest.xml:15:5-79
MERGED from [com.google.firebase:firebase-auth:21.0.1] AndroidManifest.xml:24:5-79
MERGED from [com.google.firebase:firebase-auth:21.0.1] AndroidManifest.xml:24:5-79
MERGED from [com.google.firebase:firebase-messaging:23.0.0] AndroidManifest.xml:22:5-79
MERGED from [com.google.firebase:firebase-messaging:23.0.0] AndroidManifest.xml:22:5-79
MERGED from [com.google.firebase:firebase-installations:17.0.0] AndroidManifest.xml:10:5-79
MERGED from [com.google.firebase:firebase-installations:17.0.0] AndroidManifest.xml:10:5-79
MERGED from [com.google.android.gms:play-services-cloud-messaging:17.0.0] AndroidManifest.xml:7:5-79
MERGED from [com.google.android.gms:play-services-cloud-messaging:17.0.0] AndroidManifest.xml:7:5-79
MERGED from [com.google.android.datatransport:transport-backend-cct:3.0.0] AndroidManifest.xml:25:5-79
MERGED from [com.google.android.datatransport:transport-backend-cct:3.0.0] AndroidManifest.xml:25:5-79
MERGED from [com.google.android.datatransport:transport-runtime:3.0.0] AndroidManifest.xml:22:5-79
MERGED from [com.google.android.datatransport:transport-runtime:3.0.0] AndroidManifest.xml:22:5-79
	android:name
		ADDED from [:firebase_messaging] AndroidManifest.xml:9:22-76
service#io.flutter.plugins.firebase.messaging.FlutterFirebaseMessagingBackgroundService
ADDED from [:firebase_messaging] AndroidManifest.xml:12:9-15:72
	android:exported
		ADDED from [:firebase_messaging] AndroidManifest.xml:14:13-37
	android:permission
		ADDED from [:firebase_messaging] AndroidManifest.xml:15:13-69
	android:name
		ADDED from [:firebase_messaging] AndroidManifest.xml:13:13-107
service#io.flutter.plugins.firebase.messaging.FlutterFirebaseMessagingService
ADDED from [:firebase_messaging] AndroidManifest.xml:16:9-22:19
	android:exported
		ADDED from [:firebase_messaging] AndroidManifest.xml:18:13-37
	android:name
		ADDED from [:firebase_messaging] AndroidManifest.xml:17:13-97
intent-filter#action:name:com.google.firebase.MESSAGING_EVENT
ADDED from [:firebase_messaging] AndroidManifest.xml:19:13-21:29
action#com.google.firebase.MESSAGING_EVENT
ADDED from [:firebase_messaging] AndroidManifest.xml:20:17-78
	android:name
		ADDED from [:firebase_messaging] AndroidManifest.xml:20:25-75
receiver#io.flutter.plugins.firebase.messaging.FlutterFirebaseMessagingReceiver
ADDED from [:firebase_messaging] AndroidManifest.xml:24:9-31:20
	android:exported
		ADDED from [:firebase_messaging] AndroidManifest.xml:26:13-36
	android:permission
		ADDED from [:firebase_messaging] AndroidManifest.xml:27:13-73
	android:name
		ADDED from [:firebase_messaging] AndroidManifest.xml:25:13-98
intent-filter#action:name:com.google.android.c2dm.intent.RECEIVE
ADDED from [:firebase_messaging] AndroidManifest.xml:28:13-30:29
action#com.google.android.c2dm.intent.RECEIVE
ADDED from [:firebase_messaging] AndroidManifest.xml:29:17-81
	android:name
		ADDED from [:firebase_messaging] AndroidManifest.xml:29:25-78
meta-data#com.google.firebase.components:io.flutter.plugins.firebase.messaging.FlutterFirebaseAppRegistrar
ADDED from [:firebase_messaging] AndroidManifest.xml:34:13-36:85
	android:value
		ADDED from [:firebase_messaging] AndroidManifest.xml:36:17-82
	android:name
		ADDED from [:firebase_messaging] AndroidManifest.xml:35:17-128
provider#io.flutter.plugins.firebase.messaging.FlutterFirebaseMessagingInitProvider
ADDED from [:firebase_messaging] AndroidManifest.xml:39:9-43:38
	android:authorities
		ADDED from [:firebase_messaging] AndroidManifest.xml:41:13-88
	android:exported
		ADDED from [:firebase_messaging] AndroidManifest.xml:42:13-37
	android:initOrder
		ADDED from [:firebase_messaging] AndroidManifest.xml:43:13-35
	android:name
		ADDED from [:firebase_messaging] AndroidManifest.xml:40:13-102
meta-data#com.google.firebase.components:io.flutter.plugins.firebase.core.FlutterFirebaseCoreRegistrar
ADDED from [:firebase_core] AndroidManifest.xml:9:13-11:85
	android:value
		ADDED from [:firebase_core] AndroidManifest.xml:11:17-82
	android:name
		ADDED from [:firebase_core] AndroidManifest.xml:10:17-124
uses-permission#android.permission.READ_PHONE_STATE
ADDED from [:agora_rtc_engine] AndroidManifest.xml:10:5-75
	android:name